<?xml version="1.0" encoding="UTF-8"?>
<robot generator="Robot 4.1.3 (Python 3.10.1 on win32)" generated="20220920 17:22:30.835" rpa="false" schemaversion="2">
<suite id="s1" name="Dinner Yearly" source="C:\Users\Alejandro\Desktop\CMS_Recurrence_Yearly\Dinner_Yearly.robot">
<kw name="web setup" library="Keywords" type="SETUP">
<kw name="Open Browser" library="SeleniumLibrary">
<arg>${website}</arg>
<arg>${browser}</arg>
<doc>Opens a new browser instance to the optional ``url``.</doc>
<msg timestamp="20220920 17:22:31.012" level="INFO">Opening browser 'chrome' to base url 'http://dev.www.engage360.evacompute.com:8080/'.</msg>
<status status="PASS" starttime="20220920 17:22:31.011" endtime="20220920 17:22:34.493"/>
</kw>
<kw name="Maximize Browser Window" library="SeleniumLibrary">
<doc>Maximizes current browser window.</doc>
<status status="PASS" starttime="20220920 17:22:34.493" endtime="20220920 17:22:36.227"/>
</kw>
<kw name="Set Selenium Implicit Wait" library="SeleniumLibrary">
<arg>20 seconds</arg>
<doc>Sets the implicit wait value used by Selenium.</doc>
<status status="PASS" starttime="20220920 17:22:36.227" endtime="20220920 17:22:36.229"/>
</kw>
<kw name="Wait Until Element Is Visible" library="SeleniumLibrary">
<arg>css=#kc-header</arg>
<doc>Waits until the element ``locator`` is visible.</doc>
<status status="PASS" starttime="20220920 17:22:36.229" endtime="20220920 17:22:36.251"/>
</kw>
<kw name="Title Should Be" library="SeleniumLibrary">
<arg>Log in to ENGAGE360</arg>
<doc>Verifies that the current page title equals ``title``.</doc>
<msg timestamp="20220920 17:22:36.255" level="INFO">Page title is 'Log in to ENGAGE360'.</msg>
<status status="PASS" starttime="20220920 17:22:36.251" endtime="20220920 17:22:36.256"/>
</kw>
<kw name="Wait Until Element Is Visible" library="SeleniumLibrary">
<arg>id=username</arg>
<doc>Waits until the element ``locator`` is visible.</doc>
<status status="PASS" starttime="20220920 17:22:36.256" endtime="20220920 17:22:36.273"/>
</kw>
<kw name="Click Element" library="SeleniumLibrary">
<arg>id=username</arg>
<doc>Click the element identified by ``locator``.</doc>
<msg timestamp="20220920 17:22:36.274" level="INFO">Clicking element 'id=username'.</msg>
<status status="PASS" starttime="20220920 17:22:36.274" endtime="20220920 17:22:36.305"/>
</kw>
<kw name="Input Text" library="SeleniumLibrary">
<arg>id=username</arg>
<arg>${Email}</arg>
<doc>Types the given ``text`` into the text field identified by ``locator``.</doc>
<msg timestamp="20220920 17:22:36.305" level="INFO">Typing text 'superUser' into text field 'id=username'.</msg>
<status status="PASS" starttime="20220920 17:22:36.305" endtime="20220920 17:22:36.344"/>
</kw>
<kw name="Click Element" library="SeleniumLibrary">
<arg>id=password</arg>
<doc>Click the element identified by ``locator``.</doc>
<msg timestamp="20220920 17:22:36.344" level="INFO">Clicking element 'id=password'.</msg>
<status status="PASS" starttime="20220920 17:22:36.344" endtime="20220920 17:22:36.381"/>
</kw>
<kw name="Input Text" library="SeleniumLibrary">
<arg>id=password</arg>
<arg>${Password}</arg>
<doc>Types the given ``text`` into the text field identified by ``locator``.</doc>
<msg timestamp="20220920 17:22:36.381" level="INFO">Typing text 'SuperAdmin1@' into text field 'id=password'.</msg>
<status status="PASS" starttime="20220920 17:22:36.381" endtime="20220920 17:22:36.445"/>
</kw>
<kw name="Click Button" library="SeleniumLibrary">
<arg>name=login</arg>
<doc>Clicks the button identified by ``locator``.</doc>
<msg timestamp="20220920 17:22:36.446" level="INFO">Clicking button 'name=login'.</msg>
<status status="PASS" starttime="20220920 17:22:36.445" endtime="20220920 17:22:37.994"/>
</kw>
<status status="PASS" starttime="20220920 17:22:31.011" endtime="20220920 17:22:37.994"/>
</kw>
<test id="s1-t1" name="PR01 Automation to enter Community Waterford Recurrence Yearly (Dinner)">
<kw name="Click Element" library="SeleniumLibrary">
<arg>${Community}</arg>
<doc>Click the element identified by ``locator``.</doc>
<msg timestamp="20220920 17:22:37.995" level="INFO">Clicking element 'SuperUserCombo'.</msg>
<status status="PASS" starttime="20220920 17:22:37.995" endtime="20220920 17:22:39.746"/>
</kw>
<kw name="Drag And Drop" library="SeleniumLibrary">
<arg>${Waterford}</arg>
<arg>${Community}</arg>
<doc>Drags the element identified by ``locator`` into the ``target`` element.</doc>
<status status="PASS" starttime="20220920 17:22:39.747" endtime="20220920 17:22:40.446"/>
</kw>
<kw name="Click Element" library="SeleniumLibrary">
<arg>${Waterford}</arg>
<doc>Click the element identified by ``locator``.</doc>
<msg timestamp="20220920 17:22:40.447" level="INFO">Clicking element 'SuperUserCombo-option-29'.</msg>
<status status="PASS" starttime="20220920 17:22:40.447" endtime="20220920 17:22:40.499"/>
</kw>
<kw name="Execute Javascript" library="SeleniumLibrary">
<arg>${Dinning}</arg>
<doc>Executes the given JavaScript code with possible arguments.</doc>
<msg timestamp="20220920 17:22:40.500" level="INFO">Executing JavaScript:
document.getElementById('SideNav_Menu_Dinning').click()
Without any arguments.</msg>
<status status="PASS" starttime="20220920 17:22:40.500" endtime="20220920 17:22:40.687"/>
</kw>
<kw name="Scroll Element Into View" library="SeleniumLibrary">
<arg>${Community}</arg>
<doc>Scrolls the element identified by ``locator`` into view.</doc>
<status status="PASS" starttime="20220920 17:22:40.688" endtime="20220920 17:22:40.993"/>
</kw>
<kw name="Element Should Be Visible" library="SeleniumLibrary">
<arg>${Community}</arg>
<arg>Waterford Community</arg>
<doc>Verifies that the element identified by ``locator`` is visible.</doc>
<msg timestamp="20220920 17:22:41.473" level="INFO">Element 'SuperUserCombo' is displayed.</msg>
<status status="PASS" starttime="20220920 17:22:40.994" endtime="20220920 17:22:41.473"/>
</kw>
<kw name="Mouse Over" library="SeleniumLibrary">
<arg>${Community}</arg>
<doc>Simulates hovering the mouse over the element ``locator``.</doc>
<msg timestamp="20220920 17:22:41.474" level="INFO">Simulating Mouse Over on element 'SuperUserCombo'.</msg>
<status status="PASS" starttime="20220920 17:22:41.474" endtime="20220920 17:22:41.744"/>
</kw>
<kw name="Execute Javascript" library="SeleniumLibrary">
<arg>${Add Menu Item}</arg>
<doc>Executes the given JavaScript code with possible arguments.</doc>
<msg timestamp="20220920 17:22:41.744" level="INFO">Executing JavaScript:
document.getElementById('dining_new_dining_btn').click()
Without any arguments.</msg>
<status status="PASS" starttime="20220920 17:22:41.744" endtime="20220920 17:22:41.879"/>
</kw>
<kw name="Input Text" library="SeleniumLibrary">
<arg>${dining_title}</arg>
<arg>Barbecue</arg>
<doc>Types the given ``text`` into the text field identified by ``locator``.</doc>
<msg timestamp="20220920 17:22:41.880" level="INFO">Typing text 'Barbecue' into text field 'id=add_dining_title'.</msg>
<status status="PASS" starttime="20220920 17:22:41.880" endtime="20220920 17:22:42.486"/>
</kw>
<kw name="Input Text" library="SeleniumLibrary">
<arg>${dining_description}</arg>
<arg>Sausage spicy and Soft</arg>
<doc>Types the given ``text`` into the text field identified by ``locator``.</doc>
<msg timestamp="20220920 17:22:42.487" level="INFO">Typing text 'Sausage spicy and Soft' into text field 'id=add_dining_description'.</msg>
<status status="PASS" starttime="20220920 17:22:42.486" endtime="20220920 17:22:43.584"/>
</kw>
<kw name="Input Text" library="SeleniumLibrary">
<arg>${image}</arg>
<arg>Barbecue</arg>
<doc>Types the given ``text`` into the text field identified by ``locator``.</doc>
<msg timestamp="20220920 17:22:43.585" level="INFO">Typing text 'Barbecue' into text field 'name=image_url'.</msg>
<status status="PASS" starttime="20220920 17:22:43.584" endtime="20220920 17:22:43.821"/>
</kw>
<kw name="Click Element" library="SeleniumLibrary">
<arg>${Search}</arg>
<doc>Click the element identified by ``locator``.</doc>
<msg timestamp="20220920 17:22:43.822" level="INFO">Clicking element 'id=dining_search_icon'.</msg>
<status status="PASS" starttime="20220920 17:22:43.822" endtime="20220920 17:22:43.983"/>
</kw>
<kw name="Scroll Element Into View" library="SeleniumLibrary">
<arg>id=image_3524649</arg>
<doc>Scrolls the element identified by ``locator`` into view.</doc>
<status status="PASS" starttime="20220920 17:22:43.984" endtime="20220920 17:22:44.658"/>
</kw>
<kw name="Click Element" library="SeleniumLibrary">
<arg>id=image_3524649</arg>
<doc>Click the element identified by ``locator``.</doc>
<msg timestamp="20220920 17:22:44.659" level="INFO">Clicking element 'id=image_3524649'.</msg>
<status status="PASS" starttime="20220920 17:22:44.659" endtime="20220920 17:22:44.701"/>
</kw>
<kw name="Click Element" library="SeleniumLibrary">
<arg>${DONE}</arg>
<doc>Click the element identified by ``locator``.</doc>
<msg timestamp="20220920 17:22:44.702" level="INFO">Clicking element 'id=done_btn'.</msg>
<status status="PASS" starttime="20220920 17:22:44.702" endtime="20220920 17:22:44.792"/>
</kw>
<kw name="Execute Javascript" library="SeleniumLibrary">
<arg>window.scrollTo(0,document.body.scrollHeight)</arg>
<doc>Executes the given JavaScript code with possible arguments.</doc>
<msg timestamp="20220920 17:22:44.794" level="INFO">Executing JavaScript:
window.scrollTo(0,document.body.scrollHeight)
Without any arguments.</msg>
<status status="PASS" starttime="20220920 17:22:44.793" endtime="20220920 17:22:44.803"/>
</kw>
<kw name="Scroll Element Into View" library="SeleniumLibrary">
<arg>${tags}</arg>
<doc>Scrolls the element identified by ``locator`` into view.</doc>
<status status="PASS" starttime="20220920 17:22:44.805" endtime="20220920 17:22:45.090"/>
</kw>
<kw name="Input Text" library="SeleniumLibrary">
<arg>${tags}</arg>
<arg>Spicy and Soft</arg>
<doc>Types the given ``text`` into the text field identified by ``locator``.</doc>
<msg timestamp="20220920 17:22:45.091" level="INFO">Typing text 'Spicy and Soft' into text field 'id=add_dining_tags'.</msg>
<status status="PASS" starttime="20220920 17:22:45.090" endtime="20220920 17:22:45.723"/>
</kw>
<kw name="Press Keys" library="SeleniumLibrary">
<arg>${tags}</arg>
<arg>ENTER</arg>
<doc>Simulates the user pressing key(s) to an element or on the active browser.</doc>
<msg timestamp="20220920 17:22:45.724" level="INFO">Sending key(s) ('ENTER',) to id=add_dining_tags element.</msg>
<msg timestamp="20220920 17:22:46.027" level="INFO">Pressing special key ENTER to element.</msg>
<msg timestamp="20220920 17:22:46.028" level="INFO">Releasing special key ENTER.</msg>
<status status="PASS" starttime="20220920 17:22:45.724" endtime="20220920 17:22:46.081"/>
</kw>
<kw name="Wait Until Element Is Visible" library="SeleniumLibrary">
<arg>${Dinner}</arg>
<doc>Waits until the element ``locator`` is visible.</doc>
<status status="PASS" starttime="20220920 17:22:46.081" endtime="20220920 17:22:46.101"/>
</kw>
<kw name="Click Element" library="SeleniumLibrary">
<arg>${Lunch}</arg>
<doc>Click the element identified by ``locator``.</doc>
<msg timestamp="20220920 17:22:46.101" level="INFO">Clicking element 'id=icon_6155b016d8ca9945efb2e723'.</msg>
<status status="PASS" starttime="20220920 17:22:46.101" endtime="20220920 17:22:46.199"/>
</kw>
<kw name="Click Element" library="SeleniumLibrary">
<arg>${Dinner}</arg>
<doc>Click the element identified by ``locator``.</doc>
<msg timestamp="20220920 17:22:46.201" level="INFO">Clicking element 'id=icon_6155b016d8ca9945efb2e724'.</msg>
<status status="PASS" starttime="20220920 17:22:46.200" endtime="20220920 17:22:46.270"/>
</kw>
<kw name="Select Checkbox" library="SeleniumLibrary">
<arg>${Hide_Print}</arg>
<doc>Selects the checkbox identified by ``locator``.</doc>
<msg timestamp="20220920 17:22:46.271" level="INFO">Selecting checkbox 'id=dining_hideOnPrinting_switch'.</msg>
<status status="PASS" starttime="20220920 17:22:46.270" endtime="20220920 17:22:46.343"/>
</kw>
<kw name="Unselect Checkbox" library="SeleniumLibrary">
<arg>${Hide_Print}</arg>
<doc>Removes the selection of checkbox identified by ``locator``.</doc>
<msg timestamp="20220920 17:22:46.344" level="INFO">Unselecting checkbox 'id=dining_hideOnPrinting_switch'.</msg>
<status status="PASS" starttime="20220920 17:22:46.344" endtime="20220920 17:22:46.441"/>
</kw>
<kw name="Click Element" library="SeleniumLibrary">
<arg>${Start-Date}</arg>
<doc>Click the element identified by ``locator``.</doc>
<msg timestamp="20220920 17:22:46.442" level="INFO">Clicking element 'id=add_dining_start_date'.</msg>
<status status="PASS" starttime="20220920 17:22:46.442" endtime="20220920 17:22:46.502"/>
</kw>
<kw name="Click Element" library="SeleniumLibrary">
<arg>${Calendar_Btn}</arg>
<doc>Click the element identified by ``locator``.</doc>
<msg timestamp="20220920 17:22:46.503" level="INFO">Clicking element 'id=Calendar_Btn_StartDate_add_dining_start_date'.</msg>
<status status="PASS" starttime="20220920 17:22:46.503" endtime="20220920 17:22:46.657"/>
</kw>
<kw name="Double Click Element" library="SeleniumLibrary">
<arg>${advance_month}</arg>
<doc>Double clicks the element identified by ``locator``.</doc>
<msg timestamp="20220920 17:22:46.659" level="INFO">Double clicking element 'id=calendarHeader_rightArrow'.</msg>
<status status="PASS" starttime="20220920 17:22:46.658" endtime="20220920 17:22:47.148"/>
</kw>
<kw name="Click Element" library="SeleniumLibrary">
<arg>${advance_month}</arg>
<doc>Click the element identified by ``locator``.</doc>
<msg timestamp="20220920 17:22:47.149" level="INFO">Clicking element 'id=calendarHeader_rightArrow'.</msg>
<status status="PASS" starttime="20220920 17:22:47.148" endtime="20220920 17:22:47.260"/>
</kw>
<kw name="Click Element" library="SeleniumLibrary">
<arg>${back_month}</arg>
<doc>Click the element identified by ``locator``.</doc>
<msg timestamp="20220920 17:22:47.262" level="INFO">Clicking element 'id=calendarHeader_leftArrow'.</msg>
<status status="PASS" starttime="20220920 17:22:47.261" endtime="20220920 17:22:47.343"/>
</kw>
<kw name="Execute Javascript" library="SeleniumLibrary">
<arg>${Nov01}</arg>
<doc>Executes the given JavaScript code with possible arguments.</doc>
<msg timestamp="20220920 17:22:47.344" level="INFO">Executing JavaScript:
document.getElementsByClassName('MuiButtonBase-root MuiIconButton-root MuiPickersDay-day')[02].click()
Without any arguments.</msg>
<status status="PASS" starttime="20220920 17:22:47.343" endtime="20220920 17:22:47.466"/>
</kw>
<kw name="Click Element" library="SeleniumLibrary">
<arg>${Tab_Repeats}</arg>
<doc>Click the element identified by ``locator``.</doc>
<msg timestamp="20220920 17:22:47.467" level="INFO">Clicking element 'id=RepeatValue'.</msg>
<status status="PASS" starttime="20220920 17:22:47.466" endtime="20220920 17:22:47.827"/>
</kw>
<kw name="Click Element" library="SeleniumLibrary">
<arg>${Recurre_Yearly}</arg>
<doc>Click the element identified by ``locator``.</doc>
<msg timestamp="20220920 17:22:47.828" level="INFO">Clicking element 'id=RepeatValue-option-4'.</msg>
<status status="PASS" starttime="20220920 17:22:47.828" endtime="20220920 17:22:48.037"/>
</kw>
<kw name="Click Element" library="SeleniumLibrary">
<arg>${Modify_Month}</arg>
<doc>Click the element identified by ``locator``.</doc>
<msg timestamp="20220920 17:22:48.038" level="INFO">Clicking element 'id=MonthValue'.</msg>
<status status="PASS" starttime="20220920 17:22:48.037" endtime="20220920 17:22:48.148"/>
</kw>
<kw name="Click Element" library="SeleniumLibrary">
<arg>${Month_January}</arg>
<doc>Click the element identified by ``locator``.</doc>
<msg timestamp="20220920 17:22:48.149" level="INFO">Clicking element 'MonthValue-option-0'.</msg>
<status status="PASS" starttime="20220920 17:22:48.148" endtime="20220920 17:22:48.230"/>
</kw>
<kw name="Click Element" library="SeleniumLibrary">
<arg>${Simbol_on_day}</arg>
<doc>Click the element identified by ``locator``.</doc>
<msg timestamp="20220920 17:22:48.231" level="INFO">Clicking element 'name=radio-btn_onD'.</msg>
<status status="PASS" starttime="20220920 17:22:48.230" endtime="20220920 17:22:48.376"/>
</kw>
<kw name="Double Click Element" library="SeleniumLibrary">
<arg>${modify_day}</arg>
<doc>Double clicks the element identified by ``locator``.</doc>
<msg timestamp="20220920 17:22:48.377" level="INFO">Double clicking element 'id=RepeatInterval'.</msg>
<status status="PASS" starttime="20220920 17:22:48.377" endtime="20220920 17:22:48.722"/>
</kw>
<kw name="Choose File" library="SeleniumLibrary">
<arg>${modify_day}</arg>
<arg>10</arg>
<doc>Inputs the ``file_path`` into the file input field ``locator``.</doc>
<msg timestamp="20220920 17:22:48.723" level="INFO">Sending C:\Users\Alejandro\Desktop\CMS_Recurrence_Yearly\10 to browser.</msg>
<status status="PASS" starttime="20220920 17:22:48.722" endtime="20220920 17:22:48.814"/>
</kw>
<kw name="Double Click Element" library="SeleniumLibrary">
<arg>${modify_Occurrences}</arg>
<doc>Double clicks the element identified by ``locator``.</doc>
<msg timestamp="20220920 17:22:48.843" level="INFO">Double clicking element 'id=OccurrencesField'.</msg>
<status status="PASS" starttime="20220920 17:22:48.843" endtime="20220920 17:22:49.222"/>
</kw>
<kw name="Choose File" library="SeleniumLibrary">
<arg>${modify_Occurrences}</arg>
<arg>5</arg>
<doc>Inputs the ``file_path`` into the file input field ``locator``.</doc>
<msg timestamp="20220920 17:22:49.223" level="INFO">Sending C:\Users\Alejandro\Desktop\CMS_Recurrence_Yearly\5 to browser.</msg>
<status status="PASS" starttime="20220920 17:22:49.222" endtime="20220920 17:22:49.310"/>
</kw>
<kw name="Scroll Element Into View" library="SeleniumLibrary">
<arg>${SaveRecurrence}</arg>
<doc>Scrolls the element identified by ``locator`` into view.</doc>
<status status="PASS" starttime="20220920 17:22:49.312" endtime="20220920 17:22:49.597"/>
</kw>
<kw name="Click Element" library="SeleniumLibrary">
<arg>${SaveRecurrence}</arg>
<doc>Click the element identified by ``locator``.</doc>
<msg timestamp="20220920 17:22:49.598" level="INFO">Clicking element 'id=saveRecurrenceObj'.</msg>
<status status="PASS" starttime="20220920 17:22:49.598" endtime="20220920 17:22:49.749"/>
</kw>
<kw name="Scroll Element Into View" library="SeleniumLibrary">
<arg>${Save_btn}</arg>
<doc>Scrolls the element identified by ``locator`` into view.</doc>
<status status="PASS" starttime="20220920 17:22:49.750" endtime="20220920 17:22:50.034"/>
</kw>
<kw name="Element Text Should Be" library="SeleniumLibrary">
<arg>${Save_btn}</arg>
<arg>Save</arg>
<doc>Verifies that element ``locator`` contains exact the text ``expected``.</doc>
<msg timestamp="20220920 17:22:50.034" level="INFO">Verifying element 'id=add_dining_save_btn' contains exact text 'Save'.</msg>
<status status="PASS" starttime="20220920 17:22:50.034" endtime="20220920 17:22:50.046"/>
</kw>
<kw name="Click Element" library="SeleniumLibrary">
<arg>${Save_btn}</arg>
<doc>Click the element identified by ``locator``.</doc>
<msg timestamp="20220920 17:22:50.047" level="INFO">Clicking element 'id=add_dining_save_btn'.</msg>
<status status="PASS" starttime="20220920 17:22:50.046" endtime="20220920 17:22:50.098"/>
</kw>
<kw name="Click Element" library="SeleniumLibrary">
<arg>${Save_btn}</arg>
<doc>Click the element identified by ``locator``.</doc>
<msg timestamp="20220920 17:22:50.099" level="INFO">Clicking element 'id=add_dining_save_btn'.</msg>
<status status="PASS" starttime="20220920 17:22:50.099" endtime="20220920 17:22:50.167"/>
</kw>
<kw name="Wait Until Element Is Visible" library="SeleniumLibrary">
<arg>${Message_Accept}</arg>
<doc>Waits until the element ``locator`` is visible.</doc>
<status status="PASS" starttime="20220920 17:22:50.167" endtime="20220920 17:22:51.851"/>
</kw>
<kw name="Element Should Be Visible" library="SeleniumLibrary">
<arg>${Message_Accept}</arg>
<arg>This meal has been added succesfully</arg>
<doc>Verifies that the element identified by ``locator`` is visible.</doc>
<msg timestamp="20220920 17:22:51.867" level="INFO">Element 'id=alert_AddDining_Success' is displayed.</msg>
<status status="PASS" starttime="20220920 17:22:51.852" endtime="20220920 17:22:51.867"/>
</kw>
<kw name="Scroll Element Into View" library="SeleniumLibrary">
<arg>${Button_SelectAll}</arg>
<doc>Scrolls the element identified by ``locator`` into view.</doc>
<status status="PASS" starttime="20220920 17:22:51.868" endtime="20220920 17:22:52.144"/>
</kw>
<kw name="Wait Until Element Is Visible" library="SeleniumLibrary">
<arg>${Button_SelectAll}</arg>
<doc>Waits until the element ``locator`` is visible.</doc>
<status status="PASS" starttime="20220920 17:22:52.145" endtime="20220920 17:22:52.155"/>
</kw>
<kw name="Set Focus To Element" library="SeleniumLibrary">
<arg>${Button_SelectAll}</arg>
<doc>Sets the focus to the element identified by ``locator``.</doc>
<status status="PASS" starttime="20220920 17:22:52.155" endtime="20220920 17:22:52.163"/>
</kw>
<kw name="Mouse Down" library="SeleniumLibrary">
<arg>${Button_SelectAll}</arg>
<doc>Simulates pressing the left mouse button on the element ``locator``.</doc>
<msg timestamp="20220920 17:22:52.163" level="INFO">Simulating Mouse Down on element 'id=addEditDevice_Headers_SelectAll'.</msg>
<status status="PASS" starttime="20220920 17:22:52.163" endtime="20220920 17:22:52.441"/>
</kw>
<kw name="Wait Until Element Is Visible" library="SeleniumLibrary">
<arg>${Text_Image}</arg>
<doc>Waits until the element ``locator`` is visible.</doc>
<status status="PASS" starttime="20220920 17:22:52.442" endtime="20220920 17:22:52.453"/>
</kw>
<kw name="Set Focus To Element" library="SeleniumLibrary">
<arg>${Text_Image}</arg>
<doc>Sets the focus to the element identified by ``locator``.</doc>
<status status="PASS" starttime="20220920 17:22:52.454" endtime="20220920 17:22:52.461"/>
</kw>
<kw name="Mouse Over" library="SeleniumLibrary">
<arg>${Text_Image}</arg>
<doc>Simulates hovering the mouse over the element ``locator``.</doc>
<msg timestamp="20220920 17:22:52.461" level="INFO">Simulating Mouse Over on element 'id=id_dining_header_list_image'.</msg>
<status status="PASS" starttime="20220920 17:22:52.461" endtime="20220920 17:22:52.722"/>
</kw>
<kw name="Scroll Element Into View" library="SeleniumLibrary">
<arg>${Button_SelectAll}</arg>
<doc>Scrolls the element identified by ``locator`` into view.</doc>
<status status="PASS" starttime="20220920 17:22:52.722" endtime="20220920 17:22:52.988"/>
</kw>
<kw name="Wait Until Element Is Visible" library="SeleniumLibrary">
<arg>${Button_SelectAll}</arg>
<doc>Waits until the element ``locator`` is visible.</doc>
<status status="PASS" starttime="20220920 17:22:52.988" endtime="20220920 17:22:52.996"/>
</kw>
<kw name="Click Element" library="SeleniumLibrary">
<arg>${Button_SelectAll}</arg>
<doc>Click the element identified by ``locator``.</doc>
<msg timestamp="20220920 17:22:52.997" level="INFO">Clicking element 'id=addEditDevice_Headers_SelectAll'.</msg>
<status status="PASS" starttime="20220920 17:22:52.997" endtime="20220920 17:22:53.726"/>
</kw>
<kw name="Click Element" library="SeleniumLibrary">
<arg>${Yes, Delete}</arg>
<doc>Click the element identified by ``locator``.</doc>
<msg timestamp="20220920 17:22:53.729" level="INFO">Clicking element 'id=delete_multiple_dinings'.</msg>
<status status="PASS" starttime="20220920 17:22:53.727" endtime="20220920 17:22:53.862"/>
</kw>
<tag>Case 1</tag>
<tag>Validation Test</tag>
<status status="PASS" starttime="20220920 17:22:37.994" endtime="20220920 17:22:53.863"/>
</test>
<doc>CMS-Engage360 Community Waterford</doc>
<status status="PASS" starttime="20220920 17:22:30.836" endtime="20220920 17:22:53.866"/>
</suite>
<statistics>
<total>
<stat pass="1" fail="0" skip="0">All Tests</stat>
</total>
<tag>
<stat pass="1" fail="0" skip="0">Case 1</stat>
<stat pass="1" fail="0" skip="0">Validation Test</stat>
</tag>
<suite>
<stat pass="1" fail="0" skip="0" id="s1" name="Dinner Yearly">Dinner Yearly</stat>
</suite>
</statistics>
<errors>
</errors>
</robot>
