<?xml version="1.0" encoding="UTF-8"?>
<robot generator="Robot 4.1.3 (Python 3.10.1 on win32)" generated="20220927 09:58:51.726" rpa="false" schemaversion="2">
<suite id="s1" name="Dinner Yearly" source="C:\Users\Alejandro\Desktop\CMS_Recurrence_Yearly\Dinner_Yearly.robot">
<kw name="web setup" library="Keywords" type="SETUP">
<kw name="Open Browser" library="SeleniumLibrary">
<arg>${website}</arg>
<arg>${browser}</arg>
<doc>Opens a new browser instance to the optional ``url``.</doc>
<msg timestamp="20220927 09:58:51.922" level="INFO">Opening browser 'chrome' to base url 'http://dev.www.engage360.evacompute.com:8080/'.</msg>
<status status="PASS" starttime="20220927 09:58:51.921" endtime="20220927 09:58:55.845"/>
</kw>
<kw name="Maximize Browser Window" library="SeleniumLibrary">
<doc>Maximizes current browser window.</doc>
<status status="PASS" starttime="20220927 09:58:55.845" endtime="20220927 09:58:57.100"/>
</kw>
<kw name="Set Selenium Implicit Wait" library="SeleniumLibrary">
<arg>20 seconds</arg>
<doc>Sets the implicit wait value used by Selenium.</doc>
<status status="PASS" starttime="20220927 09:58:57.102" endtime="20220927 09:58:57.108"/>
</kw>
<kw name="Wait Until Element Is Visible" library="SeleniumLibrary">
<arg>css=#kc-header</arg>
<doc>Waits until the element ``locator`` is visible.</doc>
<status status="PASS" starttime="20220927 09:58:57.108" endtime="20220927 09:58:57.138"/>
</kw>
<kw name="Title Should Be" library="SeleniumLibrary">
<arg>Log in to ENGAGE360</arg>
<doc>Verifies that the current page title equals ``title``.</doc>
<msg timestamp="20220927 09:58:57.144" level="INFO">Page title is 'Log in to ENGAGE360'.</msg>
<status status="PASS" starttime="20220927 09:58:57.139" endtime="20220927 09:58:57.145"/>
</kw>
<kw name="Wait Until Element Is Visible" library="SeleniumLibrary">
<arg>id=username</arg>
<doc>Waits until the element ``locator`` is visible.</doc>
<status status="PASS" starttime="20220927 09:58:57.145" endtime="20220927 09:58:57.165"/>
</kw>
<kw name="Click Element" library="SeleniumLibrary">
<arg>id=username</arg>
<doc>Click the element identified by ``locator``.</doc>
<msg timestamp="20220927 09:58:57.166" level="INFO">Clicking element 'id=username'.</msg>
<status status="PASS" starttime="20220927 09:58:57.165" endtime="20220927 09:58:57.198"/>
</kw>
<kw name="Input Text" library="SeleniumLibrary">
<arg>id=username</arg>
<arg>${Email}</arg>
<doc>Types the given ``text`` into the text field identified by ``locator``.</doc>
<msg timestamp="20220927 09:58:57.198" level="INFO">Typing text 'superUser' into text field 'id=username'.</msg>
<status status="PASS" starttime="20220927 09:58:57.198" endtime="20220927 09:58:57.244"/>
</kw>
<kw name="Click Element" library="SeleniumLibrary">
<arg>id=password</arg>
<doc>Click the element identified by ``locator``.</doc>
<msg timestamp="20220927 09:58:57.245" level="INFO">Clicking element 'id=password'.</msg>
<status status="PASS" starttime="20220927 09:58:57.245" endtime="20220927 09:58:57.311"/>
</kw>
<kw name="Input Text" library="SeleniumLibrary">
<arg>id=password</arg>
<arg>${Password}</arg>
<doc>Types the given ``text`` into the text field identified by ``locator``.</doc>
<msg timestamp="20220927 09:58:57.312" level="INFO">Typing text 'SuperAdmin1@' into text field 'id=password'.</msg>
<status status="PASS" starttime="20220927 09:58:57.311" endtime="20220927 09:58:57.404"/>
</kw>
<kw name="Click Button" library="SeleniumLibrary">
<arg>name=login</arg>
<doc>Clicks the button identified by ``locator``.</doc>
<msg timestamp="20220927 09:58:57.404" level="INFO">Clicking button 'name=login'.</msg>
<status status="PASS" starttime="20220927 09:58:57.404" endtime="20220927 09:58:59.441"/>
</kw>
<status status="PASS" starttime="20220927 09:58:51.921" endtime="20220927 09:58:59.441"/>
</kw>
<test id="s1-t1" name="PR03 Automation to enter Community Waterford Recurrence Yearly (Dinner)">
<kw name="Click Element" library="SeleniumLibrary">
<arg>${Community}</arg>
<doc>Click the element identified by ``locator``.</doc>
<msg timestamp="20220927 09:58:59.450" level="INFO">Clicking element 'SuperUserCombo'.</msg>
<status status="PASS" starttime="20220927 09:58:59.446" endtime="20220927 09:59:01.806"/>
</kw>
<kw name="Drag And Drop" library="SeleniumLibrary">
<arg>${Waterford}</arg>
<arg>${Community}</arg>
<doc>Drags the element identified by ``locator`` into the ``target`` element.</doc>
<status status="PASS" starttime="20220927 09:59:01.806" endtime="20220927 09:59:02.588"/>
</kw>
<kw name="Click Element" library="SeleniumLibrary">
<arg>${Waterford}</arg>
<doc>Click the element identified by ``locator``.</doc>
<msg timestamp="20220927 09:59:02.588" level="INFO">Clicking element 'SuperUserCombo-option-30'.</msg>
<status status="PASS" starttime="20220927 09:59:02.588" endtime="20220927 09:59:02.650"/>
</kw>
<kw name="Execute Javascript" library="SeleniumLibrary">
<arg>${Dinning}</arg>
<doc>Executes the given JavaScript code with possible arguments.</doc>
<msg timestamp="20220927 09:59:02.653" level="INFO">Executing JavaScript:
document.getElementById('SideNav_Menu_Dinning').click()
Without any arguments.</msg>
<status status="PASS" starttime="20220927 09:59:02.651" endtime="20220927 09:59:02.872"/>
</kw>
<kw name="Scroll Element Into View" library="SeleniumLibrary">
<arg>${Community}</arg>
<doc>Scrolls the element identified by ``locator`` into view.</doc>
<status status="PASS" starttime="20220927 09:59:02.874" endtime="20220927 09:59:03.572"/>
</kw>
<kw name="Element Should Be Visible" library="SeleniumLibrary">
<arg>${Community}</arg>
<arg>Waterford Community</arg>
<doc>Verifies that the element identified by ``locator`` is visible.</doc>
<msg timestamp="20220927 09:59:03.715" level="INFO">Element 'SuperUserCombo' is displayed.</msg>
<status status="PASS" starttime="20220927 09:59:03.573" endtime="20220927 09:59:03.715"/>
</kw>
<kw name="Mouse Over" library="SeleniumLibrary">
<arg>${Community}</arg>
<doc>Simulates hovering the mouse over the element ``locator``.</doc>
<msg timestamp="20220927 09:59:03.716" level="INFO">Simulating Mouse Over on element 'SuperUserCombo'.</msg>
<status status="PASS" starttime="20220927 09:59:03.716" endtime="20220927 09:59:03.988"/>
</kw>
<kw name="Execute Javascript" library="SeleniumLibrary">
<arg>${Add Menu Item}</arg>
<doc>Executes the given JavaScript code with possible arguments.</doc>
<msg timestamp="20220927 09:59:03.990" level="INFO">Executing JavaScript:
document.getElementById('dining_new_dining_btn').click()
Without any arguments.</msg>
<status status="PASS" starttime="20220927 09:59:03.989" endtime="20220927 09:59:04.133"/>
</kw>
<kw name="Input Text" library="SeleniumLibrary">
<arg>${dining_title}</arg>
<arg>Barbecue</arg>
<doc>Types the given ``text`` into the text field identified by ``locator``.</doc>
<msg timestamp="20220927 09:59:04.134" level="INFO">Typing text 'Barbecue' into text field 'id=add_dining_title'.</msg>
<status status="PASS" starttime="20220927 09:59:04.133" endtime="20220927 09:59:05.010"/>
</kw>
<kw name="Input Text" library="SeleniumLibrary">
<arg>${dining_description}</arg>
<arg>Sausage spicy and Soft</arg>
<doc>Types the given ``text`` into the text field identified by ``locator``.</doc>
<msg timestamp="20220927 09:59:05.015" level="INFO">Typing text 'Sausage spicy and Soft' into text field 'id=add_dining_description'.</msg>
<status status="PASS" starttime="20220927 09:59:05.011" endtime="20220927 09:59:06.236"/>
</kw>
<kw name="Input Text" library="SeleniumLibrary">
<arg>${image}</arg>
<arg>Barbecue</arg>
<doc>Types the given ``text`` into the text field identified by ``locator``.</doc>
<msg timestamp="20220927 09:59:06.242" level="INFO">Typing text 'Barbecue' into text field 'name=image_url'.</msg>
<status status="PASS" starttime="20220927 09:59:06.239" endtime="20220927 09:59:06.570"/>
</kw>
<kw name="Click Element" library="SeleniumLibrary">
<arg>${Search}</arg>
<doc>Click the element identified by ``locator``.</doc>
<msg timestamp="20220927 09:59:06.571" level="INFO">Clicking element 'id=dining_search_icon'.</msg>
<status status="PASS" starttime="20220927 09:59:06.570" endtime="20220927 09:59:06.724"/>
</kw>
<kw name="Scroll Element Into View" library="SeleniumLibrary">
<arg>id=image_3524649</arg>
<doc>Scrolls the element identified by ``locator`` into view.</doc>
<status status="PASS" starttime="20220927 09:59:06.726" endtime="20220927 09:59:07.411"/>
</kw>
<kw name="Click Element" library="SeleniumLibrary">
<arg>id=image_3524649</arg>
<doc>Click the element identified by ``locator``.</doc>
<msg timestamp="20220927 09:59:07.412" level="INFO">Clicking element 'id=image_3524649'.</msg>
<status status="PASS" starttime="20220927 09:59:07.412" endtime="20220927 09:59:07.455"/>
</kw>
<kw name="Click Element" library="SeleniumLibrary">
<arg>${DONE}</arg>
<doc>Click the element identified by ``locator``.</doc>
<msg timestamp="20220927 09:59:07.456" level="INFO">Clicking element 'id=done_btn'.</msg>
<status status="PASS" starttime="20220927 09:59:07.455" endtime="20220927 09:59:07.586"/>
</kw>
<kw name="Execute Javascript" library="SeleniumLibrary">
<arg>window.scrollTo(0,document.body.scrollHeight)</arg>
<doc>Executes the given JavaScript code with possible arguments.</doc>
<msg timestamp="20220927 09:59:07.587" level="INFO">Executing JavaScript:
window.scrollTo(0,document.body.scrollHeight)
Without any arguments.</msg>
<status status="PASS" starttime="20220927 09:59:07.587" endtime="20220927 09:59:07.594"/>
</kw>
<kw name="Scroll Element Into View" library="SeleniumLibrary">
<arg>${tags}</arg>
<doc>Scrolls the element identified by ``locator`` into view.</doc>
<status status="PASS" starttime="20220927 09:59:07.594" endtime="20220927 09:59:07.915"/>
</kw>
<kw name="Input Text" library="SeleniumLibrary">
<arg>${tags}</arg>
<arg>Spicy and Soft</arg>
<doc>Types the given ``text`` into the text field identified by ``locator``.</doc>
<msg timestamp="20220927 09:59:07.918" level="INFO">Typing text 'Spicy and Soft' into text field 'id=add_dining_tags'.</msg>
<status status="PASS" starttime="20220927 09:59:07.916" endtime="20220927 09:59:08.688"/>
</kw>
<kw name="Press Keys" library="SeleniumLibrary">
<arg>${tags}</arg>
<arg>ENTER</arg>
<doc>Simulates the user pressing key(s) to an element or on the active browser.</doc>
<msg timestamp="20220927 09:59:08.690" level="INFO">Sending key(s) ('ENTER',) to id=add_dining_tags element.</msg>
<msg timestamp="20220927 09:59:08.963" level="INFO">Pressing special key ENTER to element.</msg>
<msg timestamp="20220927 09:59:08.963" level="INFO">Releasing special key ENTER.</msg>
<status status="PASS" starttime="20220927 09:59:08.689" endtime="20220927 09:59:09.011"/>
</kw>
<kw name="Wait Until Element Is Visible" library="SeleniumLibrary">
<arg>${Dinner}</arg>
<doc>Waits until the element ``locator`` is visible.</doc>
<status status="PASS" starttime="20220927 09:59:09.012" endtime="20220927 09:59:09.043"/>
</kw>
<kw name="Click Element" library="SeleniumLibrary">
<arg>${Lunch}</arg>
<doc>Click the element identified by ``locator``.</doc>
<msg timestamp="20220927 09:59:09.043" level="INFO">Clicking element 'id=icon_6155b016d8ca9945efb2e723'.</msg>
<status status="PASS" starttime="20220927 09:59:09.043" endtime="20220927 09:59:09.153"/>
</kw>
<kw name="Click Element" library="SeleniumLibrary">
<arg>${Dinner}</arg>
<doc>Click the element identified by ``locator``.</doc>
<msg timestamp="20220927 09:59:09.153" level="INFO">Clicking element 'id=icon_6155b016d8ca9945efb2e724'.</msg>
<status status="PASS" starttime="20220927 09:59:09.153" endtime="20220927 09:59:09.291"/>
</kw>
<kw name="Select Checkbox" library="SeleniumLibrary">
<arg>${Hide_Print}</arg>
<doc>Selects the checkbox identified by ``locator``.</doc>
<msg timestamp="20220927 09:59:09.292" level="INFO">Selecting checkbox 'id=dining_hideOnPrinting_switch'.</msg>
<status status="PASS" starttime="20220927 09:59:09.291" endtime="20220927 09:59:09.410"/>
</kw>
<kw name="Unselect Checkbox" library="SeleniumLibrary">
<arg>${Hide_Print}</arg>
<doc>Removes the selection of checkbox identified by ``locator``.</doc>
<msg timestamp="20220927 09:59:09.411" level="INFO">Unselecting checkbox 'id=dining_hideOnPrinting_switch'.</msg>
<status status="PASS" starttime="20220927 09:59:09.411" endtime="20220927 09:59:09.582"/>
</kw>
<kw name="Click Element" library="SeleniumLibrary">
<arg>${Start-Date}</arg>
<doc>Click the element identified by ``locator``.</doc>
<msg timestamp="20220927 09:59:09.583" level="INFO">Clicking element 'id=add_dining_start_date'.</msg>
<status status="PASS" starttime="20220927 09:59:09.583" endtime="20220927 09:59:09.750"/>
</kw>
<kw name="Click Element" library="SeleniumLibrary">
<arg>${Calendar_Btn}</arg>
<doc>Click the element identified by ``locator``.</doc>
<msg timestamp="20220927 09:59:09.751" level="INFO">Clicking element 'id=Calendar_Btn_StartDate_add_dining_start_date'.</msg>
<status status="PASS" starttime="20220927 09:59:09.751" endtime="20220927 09:59:09.940"/>
</kw>
<kw name="Double Click Element" library="SeleniumLibrary">
<arg>${advance_month}</arg>
<doc>Double clicks the element identified by ``locator``.</doc>
<msg timestamp="20220927 09:59:09.941" level="INFO">Double clicking element 'id=calendarHeader_rightArrow'.</msg>
<status status="PASS" starttime="20220927 09:59:09.940" endtime="20220927 09:59:10.486"/>
</kw>
<kw name="Click Element" library="SeleniumLibrary">
<arg>${advance_month}</arg>
<doc>Click the element identified by ``locator``.</doc>
<msg timestamp="20220927 09:59:10.493" level="INFO">Clicking element 'id=calendarHeader_rightArrow'.</msg>
<status status="PASS" starttime="20220927 09:59:10.492" endtime="20220927 09:59:10.690"/>
</kw>
<kw name="Click Element" library="SeleniumLibrary">
<arg>${back_month}</arg>
<doc>Click the element identified by ``locator``.</doc>
<msg timestamp="20220927 09:59:10.690" level="INFO">Clicking element 'id=calendarHeader_leftArrow'.</msg>
<status status="PASS" starttime="20220927 09:59:10.690" endtime="20220927 09:59:10.891"/>
</kw>
<kw name="Execute Javascript" library="SeleniumLibrary">
<arg>${Nov01}</arg>
<doc>Executes the given JavaScript code with possible arguments.</doc>
<msg timestamp="20220927 09:59:10.892" level="INFO">Executing JavaScript:
document.getElementsByClassName('MuiButtonBase-root MuiIconButton-root MuiPickersDay-day')[02].click()
Without any arguments.</msg>
<status status="PASS" starttime="20220927 09:59:10.891" endtime="20220927 09:59:11.128"/>
</kw>
<kw name="Click Element" library="SeleniumLibrary">
<arg>${Tab_Repeats}</arg>
<doc>Click the element identified by ``locator``.</doc>
<msg timestamp="20220927 09:59:11.130" level="INFO">Clicking element 'id=RepeatValue'.</msg>
<status status="PASS" starttime="20220927 09:59:11.129" endtime="20220927 09:59:11.553"/>
</kw>
<kw name="Click Element" library="SeleniumLibrary">
<arg>${Recurre_Yearly}</arg>
<doc>Click the element identified by ``locator``.</doc>
<msg timestamp="20220927 09:59:11.555" level="INFO">Clicking element 'id=RepeatValue-option-4'.</msg>
<status status="PASS" starttime="20220927 09:59:11.554" endtime="20220927 09:59:11.843"/>
</kw>
<kw name="Click Element" library="SeleniumLibrary">
<arg>${Modify_Month}</arg>
<doc>Click the element identified by ``locator``.</doc>
<msg timestamp="20220927 09:59:11.844" level="INFO">Clicking element 'id=MonthValue'.</msg>
<status status="PASS" starttime="20220927 09:59:11.844" endtime="20220927 09:59:11.981"/>
</kw>
<kw name="Click Element" library="SeleniumLibrary">
<arg>${Month_January}</arg>
<doc>Click the element identified by ``locator``.</doc>
<msg timestamp="20220927 09:59:11.982" level="INFO">Clicking element 'MonthValue-option-0'.</msg>
<status status="PASS" starttime="20220927 09:59:11.982" endtime="20220927 09:59:12.102"/>
</kw>
<kw name="Click Element" library="SeleniumLibrary">
<arg>${Simbol_on_day}</arg>
<doc>Click the element identified by ``locator``.</doc>
<msg timestamp="20220927 09:59:12.104" level="INFO">Clicking element 'name=radio-btn_onD'.</msg>
<status status="PASS" starttime="20220927 09:59:12.103" endtime="20220927 09:59:12.323"/>
</kw>
<kw name="Double Click Element" library="SeleniumLibrary">
<arg>${modify_day}</arg>
<doc>Double clicks the element identified by ``locator``.</doc>
<msg timestamp="20220927 09:59:12.324" level="INFO">Double clicking element 'id=RepeatInterval'.</msg>
<status status="PASS" starttime="20220927 09:59:12.323" endtime="20220927 09:59:12.693"/>
</kw>
<kw name="Choose File" library="SeleniumLibrary">
<arg>${modify_day}</arg>
<arg>10</arg>
<doc>Inputs the ``file_path`` into the file input field ``locator``.</doc>
<msg timestamp="20220927 09:59:12.694" level="INFO">Sending C:\Users\Alejandro\Desktop\CMS_Recurrence_Yearly\10 to browser.</msg>
<status status="PASS" starttime="20220927 09:59:12.694" endtime="20220927 09:59:12.834"/>
</kw>
<kw name="Double Click Element" library="SeleniumLibrary">
<arg>${modify_Occurrences}</arg>
<doc>Double clicks the element identified by ``locator``.</doc>
<msg timestamp="20220927 09:59:12.835" level="INFO">Double clicking element 'id=OccurrencesField'.</msg>
<status status="PASS" starttime="20220927 09:59:12.835" endtime="20220927 09:59:13.221"/>
</kw>
<kw name="Choose File" library="SeleniumLibrary">
<arg>${modify_Occurrences}</arg>
<arg>5</arg>
<doc>Inputs the ``file_path`` into the file input field ``locator``.</doc>
<msg timestamp="20220927 09:59:13.226" level="INFO">Sending C:\Users\Alejandro\Desktop\CMS_Recurrence_Yearly\5 to browser.</msg>
<status status="PASS" starttime="20220927 09:59:13.224" endtime="20220927 09:59:13.393"/>
</kw>
<kw name="Scroll Element Into View" library="SeleniumLibrary">
<arg>${SaveRecurrence}</arg>
<doc>Scrolls the element identified by ``locator`` into view.</doc>
<status status="PASS" starttime="20220927 09:59:13.394" endtime="20220927 09:59:13.709"/>
</kw>
<kw name="Click Element" library="SeleniumLibrary">
<arg>${SaveRecurrence}</arg>
<doc>Click the element identified by ``locator``.</doc>
<msg timestamp="20220927 09:59:13.710" level="INFO">Clicking element 'id=saveRecurrenceObj'.</msg>
<status status="PASS" starttime="20220927 09:59:13.709" endtime="20220927 09:59:13.883"/>
</kw>
<kw name="Scroll Element Into View" library="SeleniumLibrary">
<arg>${Save_btn}</arg>
<doc>Scrolls the element identified by ``locator`` into view.</doc>
<status status="PASS" starttime="20220927 09:59:13.884" endtime="20220927 09:59:14.165"/>
</kw>
<kw name="Element Text Should Be" library="SeleniumLibrary">
<arg>${Save_btn}</arg>
<arg>Save</arg>
<doc>Verifies that element ``locator`` contains exact the text ``expected``.</doc>
<msg timestamp="20220927 09:59:14.166" level="INFO">Verifying element 'id=add_dining_save_btn' contains exact text 'Save'.</msg>
<status status="PASS" starttime="20220927 09:59:14.166" endtime="20220927 09:59:14.179"/>
</kw>
<kw name="Click Element" library="SeleniumLibrary">
<arg>${Save_btn}</arg>
<doc>Click the element identified by ``locator``.</doc>
<msg timestamp="20220927 09:59:14.180" level="INFO">Clicking element 'id=add_dining_save_btn'.</msg>
<status status="PASS" starttime="20220927 09:59:14.179" endtime="20220927 09:59:14.232"/>
</kw>
<kw name="Click Element" library="SeleniumLibrary">
<arg>${Save_btn}</arg>
<doc>Click the element identified by ``locator``.</doc>
<msg timestamp="20220927 09:59:14.233" level="INFO">Clicking element 'id=add_dining_save_btn'.</msg>
<status status="PASS" starttime="20220927 09:59:14.233" endtime="20220927 09:59:14.344"/>
</kw>
<kw name="Wait Until Element Is Visible" library="SeleniumLibrary">
<arg>${Message_Accept}</arg>
<doc>Waits until the element ``locator`` is visible.</doc>
<status status="PASS" starttime="20220927 09:59:14.349" endtime="20220927 09:59:16.361"/>
</kw>
<kw name="Element Should Be Visible" library="SeleniumLibrary">
<arg>${Message_Accept}</arg>
<arg>This meal has been added succesfully</arg>
<doc>Verifies that the element identified by ``locator`` is visible.</doc>
<msg timestamp="20220927 09:59:16.383" level="INFO">Element 'id=alert_AddDining_Success' is displayed.</msg>
<status status="PASS" starttime="20220927 09:59:16.362" endtime="20220927 09:59:16.384"/>
</kw>
<kw name="Scroll Element Into View" library="SeleniumLibrary">
<arg>${Button_SelectAll}</arg>
<doc>Scrolls the element identified by ``locator`` into view.</doc>
<status status="PASS" starttime="20220927 09:59:16.384" endtime="20220927 09:59:16.663"/>
</kw>
<kw name="Wait Until Element Is Visible" library="SeleniumLibrary">
<arg>${Button_SelectAll}</arg>
<doc>Waits until the element ``locator`` is visible.</doc>
<status status="PASS" starttime="20220927 09:59:16.664" endtime="20220927 09:59:16.674"/>
</kw>
<kw name="Set Focus To Element" library="SeleniumLibrary">
<arg>${Button_SelectAll}</arg>
<doc>Sets the focus to the element identified by ``locator``.</doc>
<status status="PASS" starttime="20220927 09:59:16.674" endtime="20220927 09:59:16.681"/>
</kw>
<kw name="Mouse Down" library="SeleniumLibrary">
<arg>${Button_SelectAll}</arg>
<doc>Simulates pressing the left mouse button on the element ``locator``.</doc>
<msg timestamp="20220927 09:59:16.681" level="INFO">Simulating Mouse Down on element 'id=addEditDevice_Headers_SelectAll'.</msg>
<status status="PASS" starttime="20220927 09:59:16.681" endtime="20220927 09:59:16.948"/>
</kw>
<kw name="Wait Until Element Is Visible" library="SeleniumLibrary">
<arg>${Text_Image}</arg>
<doc>Waits until the element ``locator`` is visible.</doc>
<status status="PASS" starttime="20220927 09:59:16.949" endtime="20220927 09:59:16.962"/>
</kw>
<kw name="Set Focus To Element" library="SeleniumLibrary">
<arg>${Text_Image}</arg>
<doc>Sets the focus to the element identified by ``locator``.</doc>
<status status="PASS" starttime="20220927 09:59:16.962" endtime="20220927 09:59:16.972"/>
</kw>
<kw name="Mouse Over" library="SeleniumLibrary">
<arg>${Text_Image}</arg>
<doc>Simulates hovering the mouse over the element ``locator``.</doc>
<msg timestamp="20220927 09:59:16.973" level="INFO">Simulating Mouse Over on element 'id=id_dining_header_list_image'.</msg>
<status status="PASS" starttime="20220927 09:59:16.972" endtime="20220927 09:59:17.239"/>
</kw>
<kw name="Scroll Element Into View" library="SeleniumLibrary">
<arg>${Button_SelectAll}</arg>
<doc>Scrolls the element identified by ``locator`` into view.</doc>
<status status="PASS" starttime="20220927 09:59:17.240" endtime="20220927 09:59:17.503"/>
</kw>
<kw name="Wait Until Element Is Visible" library="SeleniumLibrary">
<arg>${Button_SelectAll}</arg>
<doc>Waits until the element ``locator`` is visible.</doc>
<status status="PASS" starttime="20220927 09:59:17.504" endtime="20220927 09:59:17.516"/>
</kw>
<kw name="Click Element" library="SeleniumLibrary">
<arg>${Button_SelectAll}</arg>
<doc>Click the element identified by ``locator``.</doc>
<msg timestamp="20220927 09:59:17.517" level="INFO">Clicking element 'id=addEditDevice_Headers_SelectAll'.</msg>
<status status="PASS" starttime="20220927 09:59:17.517" endtime="20220927 09:59:18.230"/>
</kw>
<kw name="Click Element" library="SeleniumLibrary">
<arg>${Yes, Delete}</arg>
<doc>Click the element identified by ``locator``.</doc>
<msg timestamp="20220927 09:59:18.231" level="INFO">Clicking element 'id=delete_multiple_dinings'.</msg>
<status status="PASS" starttime="20220927 09:59:18.230" endtime="20220927 09:59:18.517"/>
</kw>
<kw name="Click Element" library="SeleniumLibrary">
<arg>${No,Cancel}</arg>
<doc>Click the element identified by ``locator``.</doc>
<msg timestamp="20220927 09:59:18.519" level="INFO">Clicking element '//div[contains(text(),'No, Cancel')]'.</msg>
<status status="PASS" starttime="20220927 09:59:18.518" endtime="20220927 09:59:18.721"/>
</kw>
<kw name="Scroll Element Into View" library="SeleniumLibrary">
<arg>${Button_SelectAll}</arg>
<doc>Scrolls the element identified by ``locator`` into view.</doc>
<status status="PASS" starttime="20220927 09:59:18.723" endtime="20220927 09:59:19.036"/>
</kw>
<kw name="Wait Until Element Is Visible" library="SeleniumLibrary">
<arg>${Button_SelectAll}</arg>
<doc>Waits until the element ``locator`` is visible.</doc>
<status status="PASS" starttime="20220927 09:59:19.037" endtime="20220927 09:59:19.047"/>
</kw>
<kw name="Click Element" library="SeleniumLibrary">
<arg>${Button_SelectAll}</arg>
<doc>Click the element identified by ``locator``.</doc>
<msg timestamp="20220927 09:59:19.047" level="INFO">Clicking element 'id=addEditDevice_Headers_SelectAll'.</msg>
<status status="PASS" starttime="20220927 09:59:19.047" endtime="20220927 09:59:19.122"/>
</kw>
<kw name="Scroll Element Into View" library="SeleniumLibrary">
<arg>${Barbecue}</arg>
<doc>Scrolls the element identified by ``locator`` into view.</doc>
<status status="PASS" starttime="20220927 09:59:19.123" endtime="20220927 09:59:19.432"/>
</kw>
<kw name="Click Element" library="SeleniumLibrary">
<arg>${Barbecue}</arg>
<doc>Click the element identified by ``locator``.</doc>
<msg timestamp="20220927 09:59:19.433" level="INFO">Clicking element '//div[contains(text(),'Barbecue')]'.</msg>
<status status="PASS" starttime="20220927 09:59:19.432" endtime="20220927 09:59:19.672"/>
</kw>
<kw name="Click Element" library="SeleniumLibrary">
<arg>${dining_description}</arg>
<doc>Click the element identified by ``locator``.</doc>
<msg timestamp="20220927 09:59:19.673" level="INFO">Clicking element 'id=add_dining_description'.</msg>
<status status="PASS" starttime="20220927 09:59:19.673" endtime="20220927 09:59:20.038"/>
</kw>
<kw name="Press Keys" library="SeleniumLibrary">
<arg>${dining_description}</arg>
<arg>CTRL+A+DELETE</arg>
<doc>Simulates the user pressing key(s) to an element or on the active browser.</doc>
<msg timestamp="20220927 09:59:20.040" level="INFO">Sending key(s) ('CTRL+A+DELETE',) to id=add_dining_description element.</msg>
<msg timestamp="20220927 09:59:20.334" level="INFO">Pressing special key CONTROL down.</msg>
<msg timestamp="20220927 09:59:20.335" level="INFO">Sending key A</msg>
<msg timestamp="20220927 09:59:20.335" level="INFO">Pressing special key DELETE down.</msg>
<msg timestamp="20220927 09:59:20.335" level="INFO">Releasing special key CONTROL.</msg>
<msg timestamp="20220927 09:59:20.335" level="INFO">Releasing special key DELETE.</msg>
<status status="PASS" starttime="20220927 09:59:20.039" endtime="20220927 09:59:20.431"/>
</kw>
<kw name="Input Text" library="SeleniumLibrary">
<arg>${dining_description}</arg>
<arg>especies, potatoes and soft meat</arg>
<doc>Types the given ``text`` into the text field identified by ``locator``.</doc>
<msg timestamp="20220927 09:59:20.432" level="INFO">Typing text 'especies, potatoes and soft meat' into text field 'id=add_dining_description'.</msg>
<status status="PASS" starttime="20220927 09:59:20.432" endtime="20220927 09:59:22.092"/>
</kw>
<kw name="Press Keys" library="SeleniumLibrary">
<arg>${image}</arg>
<arg>CTRL+A+DELETE</arg>
<doc>Simulates the user pressing key(s) to an element or on the active browser.</doc>
<msg timestamp="20220927 09:59:22.094" level="INFO">Sending key(s) ('CTRL+A+DELETE',) to name=image_url element.</msg>
<msg timestamp="20220927 09:59:22.595" level="INFO">Pressing special key CONTROL down.</msg>
<msg timestamp="20220927 09:59:22.595" level="INFO">Sending key A</msg>
<msg timestamp="20220927 09:59:22.596" level="INFO">Pressing special key DELETE down.</msg>
<msg timestamp="20220927 09:59:22.596" level="INFO">Releasing special key CONTROL.</msg>
<msg timestamp="20220927 09:59:22.596" level="INFO">Releasing special key DELETE.</msg>
<status status="PASS" starttime="20220927 09:59:22.093" endtime="20220927 09:59:22.606"/>
</kw>
<kw name="Input Text" library="SeleniumLibrary">
<arg>${image}</arg>
<arg>Barbecue</arg>
<doc>Types the given ``text`` into the text field identified by ``locator``.</doc>
<msg timestamp="20220927 09:59:22.608" level="INFO">Typing text 'Barbecue' into text field 'name=image_url'.</msg>
<status status="PASS" starttime="20220927 09:59:22.606" endtime="20220927 09:59:22.897"/>
</kw>
<kw name="Click Element" library="SeleniumLibrary">
<arg>${Search}</arg>
<doc>Click the element identified by ``locator``.</doc>
<msg timestamp="20220927 09:59:22.898" level="INFO">Clicking element 'id=dining_search_icon'.</msg>
<status status="PASS" starttime="20220927 09:59:22.898" endtime="20220927 09:59:23.045"/>
</kw>
<kw name="Click Element" library="SeleniumLibrary">
<arg>id=image_2169305</arg>
<doc>Click the element identified by ``locator``.</doc>
<msg timestamp="20220927 09:59:23.046" level="INFO">Clicking element 'id=image_2169305'.</msg>
<status status="PASS" starttime="20220927 09:59:23.046" endtime="20220927 09:59:23.253"/>
</kw>
<kw name="Click Element" library="SeleniumLibrary">
<arg>${DONE}</arg>
<doc>Click the element identified by ``locator``.</doc>
<msg timestamp="20220927 09:59:23.254" level="INFO">Clicking element 'id=done_btn'.</msg>
<status status="PASS" starttime="20220927 09:59:23.254" endtime="20220927 09:59:23.408"/>
</kw>
<kw name="Execute Javascript" library="SeleniumLibrary">
<arg>window.scrollTo(document.body.scrollHeight,0)</arg>
<doc>Executes the given JavaScript code with possible arguments.</doc>
<msg timestamp="20220927 09:59:23.416" level="INFO">Executing JavaScript:
window.scrollTo(document.body.scrollHeight,0)
Without any arguments.</msg>
<status status="PASS" starttime="20220927 09:59:23.413" endtime="20220927 09:59:23.458"/>
</kw>
<kw name="Input Text" library="SeleniumLibrary">
<arg>${tags}</arg>
<arg>Exquisite Taste</arg>
<doc>Types the given ``text`` into the text field identified by ``locator``.</doc>
<msg timestamp="20220927 09:59:23.459" level="INFO">Typing text 'Exquisite Taste' into text field 'id=add_dining_tags'.</msg>
<status status="PASS" starttime="20220927 09:59:23.459" endtime="20220927 09:59:24.332"/>
</kw>
<kw name="Press Keys" library="SeleniumLibrary">
<arg>${tags}</arg>
<arg>ENTER</arg>
<doc>Simulates the user pressing key(s) to an element or on the active browser.</doc>
<msg timestamp="20220927 09:59:24.333" level="INFO">Sending key(s) ('ENTER',) to id=add_dining_tags element.</msg>
<msg timestamp="20220927 09:59:24.608" level="INFO">Pressing special key ENTER to element.</msg>
<msg timestamp="20220927 09:59:24.609" level="INFO">Releasing special key ENTER.</msg>
<status status="PASS" starttime="20220927 09:59:24.332" endtime="20220927 09:59:24.651"/>
</kw>
<kw name="Scroll Element Into View" library="SeleniumLibrary">
<arg>${Save_btn}</arg>
<doc>Scrolls the element identified by ``locator`` into view.</doc>
<status status="PASS" starttime="20220927 09:59:24.651" endtime="20220927 09:59:24.935"/>
</kw>
<kw name="Element Text Should Be" library="SeleniumLibrary">
<arg>${Save_btn}</arg>
<arg>Save</arg>
<doc>Verifies that element ``locator`` contains exact the text ``expected``.</doc>
<msg timestamp="20220927 09:59:24.937" level="INFO">Verifying element 'id=add_dining_save_btn' contains exact text 'Save'.</msg>
<status status="PASS" starttime="20220927 09:59:24.936" endtime="20220927 09:59:24.953"/>
</kw>
<kw name="Click Element" library="SeleniumLibrary">
<arg>${Save_btn}</arg>
<doc>Click the element identified by ``locator``.</doc>
<msg timestamp="20220927 09:59:24.954" level="INFO">Clicking element 'id=add_dining_save_btn'.</msg>
<status status="PASS" starttime="20220927 09:59:24.954" endtime="20220927 09:59:25.026"/>
</kw>
<kw name="Click Element" library="SeleniumLibrary">
<arg>${Save_btn}</arg>
<doc>Click the element identified by ``locator``.</doc>
<msg timestamp="20220927 09:59:25.027" level="INFO">Clicking element 'id=add_dining_save_btn'.</msg>
<status status="PASS" starttime="20220927 09:59:25.027" endtime="20220927 09:59:25.161"/>
</kw>
<kw name="Click Element" library="SeleniumLibrary">
<arg>${Apply_Occurrences}</arg>
<doc>Click the element identified by ``locator``.</doc>
<msg timestamp="20220927 09:59:25.162" level="INFO">Clicking element 'id=Apply_this_occurrence_btn'.</msg>
<status status="PASS" starttime="20220927 09:59:25.162" endtime="20220927 09:59:25.432"/>
</kw>
<kw name="Wait Until Element Is Visible" library="SeleniumLibrary">
<arg>${Text_Image}</arg>
<doc>Waits until the element ``locator`` is visible.</doc>
<status status="PASS" starttime="20220927 09:59:25.438" endtime="20220927 09:59:26.419"/>
</kw>
<kw name="Mouse Over" library="SeleniumLibrary">
<arg>${Text_Image}</arg>
<doc>Simulates hovering the mouse over the element ``locator``.</doc>
<msg timestamp="20220927 09:59:26.426" level="INFO">Simulating Mouse Over on element 'id=id_dining_header_list_image'.</msg>
<status status="PASS" starttime="20220927 09:59:26.422" endtime="20220927 09:59:27.056"/>
</kw>
<kw name="Execute Javascript" library="SeleniumLibrary">
<arg>${Icon_Item_Menu}</arg>
<doc>Executes the given JavaScript code with possible arguments.</doc>
<msg timestamp="20220927 09:59:27.065" level="INFO">Executing JavaScript:
document.getElementsByClassName('MuiButtonBase-root MuiIconButton-root')[4].click()
Without any arguments.</msg>
<status status="PASS" starttime="20220927 09:59:27.059" endtime="20220927 09:59:27.219"/>
</kw>
<kw name="Execute Javascript" library="SeleniumLibrary">
<arg>${icon_Meal}</arg>
<doc>Executes the given JavaScript code with possible arguments.</doc>
<msg timestamp="20220927 09:59:27.223" level="INFO">Executing JavaScript:
document.getElementsByClassName('MuiButtonBase-root MuiIconButton-root')[5].click()
Without any arguments.</msg>
<status status="PASS" starttime="20220927 09:59:27.220" endtime="20220927 09:59:27.326"/>
</kw>
<kw name="Sleep" library="BuiltIn">
<arg>1</arg>
<doc>Pauses the test executed for the given time.</doc>
<msg timestamp="20220927 09:59:28.333" level="INFO">Slept 1 second</msg>
<status status="PASS" starttime="20220927 09:59:27.326" endtime="20220927 09:59:28.333"/>
</kw>
<kw name="Execute Javascript" library="SeleniumLibrary">
<arg>${icon_Date_Served}</arg>
<doc>Executes the given JavaScript code with possible arguments.</doc>
<msg timestamp="20220927 09:59:28.334" level="INFO">Executing JavaScript:
document.getElementsByClassName('MuiButtonBase-root MuiIconButton-root')[6].click()
Without any arguments.</msg>
<status status="PASS" starttime="20220927 09:59:28.333" endtime="20220927 09:59:28.397"/>
</kw>
<kw name="Wait Until Element Is Visible" library="SeleniumLibrary">
<arg>${Search_Button}</arg>
<doc>Waits until the element ``locator`` is visible.</doc>
<status status="PASS" starttime="20220927 09:59:28.398" endtime="20220927 09:59:28.482"/>
</kw>
<kw name="Set Focus To Element" library="SeleniumLibrary">
<arg>${Search_Button}</arg>
<doc>Sets the focus to the element identified by ``locator``.</doc>
<status status="PASS" starttime="20220927 09:59:28.484" endtime="20220927 09:59:28.615"/>
</kw>
<kw name="Click Element" library="SeleniumLibrary">
<arg>${Search_Button}</arg>
<doc>Click the element identified by ``locator``.</doc>
<msg timestamp="20220927 09:59:28.617" level="INFO">Clicking element 'id=search_btn'.</msg>
<status status="PASS" starttime="20220927 09:59:28.616" endtime="20220927 09:59:28.939"/>
</kw>
<kw name="Wait Until Element Is Visible" library="SeleniumLibrary">
<arg>${Tab_Search}</arg>
<doc>Waits until the element ``locator`` is visible.</doc>
<status status="PASS" starttime="20220927 09:59:28.940" endtime="20220927 09:59:29.044"/>
</kw>
<kw name="Set Focus To Element" library="SeleniumLibrary">
<arg>${Tab_Search}</arg>
<doc>Sets the focus to the element identified by ``locator``.</doc>
<status status="PASS" starttime="20220927 09:59:29.045" endtime="20220927 09:59:29.097"/>
</kw>
<kw name="Click Element" library="SeleniumLibrary">
<arg>${Tab_Search}</arg>
<doc>Click the element identified by ``locator``.</doc>
<msg timestamp="20220927 09:59:29.098" level="INFO">Clicking element 'id=dining_search'.</msg>
<status status="PASS" starttime="20220927 09:59:29.098" endtime="20220927 09:59:29.179"/>
</kw>
<kw name="Input Text" library="SeleniumLibrary">
<arg>${Tab_Search}</arg>
<arg>Giant Hot-dog</arg>
<doc>Types the given ``text`` into the text field identified by ``locator``.</doc>
<msg timestamp="20220927 09:59:29.183" level="INFO">Typing text 'Giant Hot-dog' into text field 'id=dining_search'.</msg>
<status status="PASS" starttime="20220927 09:59:29.182" endtime="20220927 09:59:29.677"/>
</kw>
<kw name="Click Element" library="SeleniumLibrary">
<arg>${Tab_Search}</arg>
<doc>Click the element identified by ``locator``.</doc>
<msg timestamp="20220927 09:59:29.681" level="INFO">Clicking element 'id=dining_search'.</msg>
<status status="PASS" starttime="20220927 09:59:29.679" endtime="20220927 09:59:29.717"/>
</kw>
<kw name="Wait Until Element Is Visible" library="SeleniumLibrary">
<arg>${Clear_Search}</arg>
<doc>Waits until the element ``locator`` is visible.</doc>
<status status="PASS" starttime="20220927 09:59:29.717" endtime="20220927 09:59:29.748"/>
</kw>
<kw name="Set Focus To Element" library="SeleniumLibrary">
<arg>${Clear_Search}</arg>
<doc>Sets the focus to the element identified by ``locator``.</doc>
<status status="PASS" starttime="20220927 09:59:29.748" endtime="20220927 09:59:29.765"/>
</kw>
<kw name="Click Element" library="SeleniumLibrary">
<arg>${Clear_Search}</arg>
<doc>Click the element identified by ``locator``.</doc>
<msg timestamp="20220927 09:59:29.765" level="INFO">Clicking element 'id=dinings_clear_btn'.</msg>
<status status="PASS" starttime="20220927 09:59:29.765" endtime="20220927 09:59:29.949"/>
</kw>
<kw name="Click Element" library="SeleniumLibrary">
<arg>${Search_Button}</arg>
<doc>Click the element identified by ``locator``.</doc>
<msg timestamp="20220927 09:59:29.951" level="INFO">Clicking element 'id=search_btn'.</msg>
<status status="PASS" starttime="20220927 09:59:29.950" endtime="20220927 09:59:30.229"/>
</kw>
<kw name="Click Element" library="SeleniumLibrary">
<arg>${Tab_Search}</arg>
<doc>Click the element identified by ``locator``.</doc>
<msg timestamp="20220927 09:59:30.235" level="INFO">Clicking element 'id=dining_search'.</msg>
<status status="PASS" starttime="20220927 09:59:30.231" endtime="20220927 09:59:30.373"/>
</kw>
<kw name="Input Text" library="SeleniumLibrary">
<arg>${Tab_Search}</arg>
<arg>Chicken Fried</arg>
<doc>Types the given ``text`` into the text field identified by ``locator``.</doc>
<msg timestamp="20220927 09:59:30.375" level="INFO">Typing text 'Chicken Fried' into text field 'id=dining_search'.</msg>
<status status="PASS" starttime="20220927 09:59:30.374" endtime="20220927 09:59:30.782"/>
</kw>
<kw name="Click Element" library="SeleniumLibrary">
<arg>${Tab_Search}</arg>
<doc>Click the element identified by ``locator``.</doc>
<msg timestamp="20220927 09:59:30.783" level="INFO">Clicking element 'id=dining_search'.</msg>
<status status="PASS" starttime="20220927 09:59:30.782" endtime="20220927 09:59:30.818"/>
</kw>
<kw name="Click Element" library="SeleniumLibrary">
<arg>${Clear_Search}</arg>
<doc>Click the element identified by ``locator``.</doc>
<msg timestamp="20220927 09:59:30.819" level="INFO">Clicking element 'id=dinings_clear_btn'.</msg>
<status status="PASS" starttime="20220927 09:59:30.819" endtime="20220927 09:59:30.955"/>
</kw>
<kw name="Click Element" library="SeleniumLibrary">
<arg>${Search_Button}</arg>
<doc>Click the element identified by ``locator``.</doc>
<msg timestamp="20220927 09:59:30.957" level="INFO">Clicking element 'id=search_btn'.</msg>
<status status="PASS" starttime="20220927 09:59:30.956" endtime="20220927 09:59:31.346"/>
</kw>
<kw name="Click Element" library="SeleniumLibrary">
<arg>${Tab_Search}</arg>
<doc>Click the element identified by ``locator``.</doc>
<msg timestamp="20220927 09:59:31.348" level="INFO">Clicking element 'id=dining_search'.</msg>
<status status="PASS" starttime="20220927 09:59:31.347" endtime="20220927 09:59:31.482"/>
</kw>
<kw name="Input Text" library="SeleniumLibrary">
<arg>${Tab_Search}</arg>
<arg>Barbecue</arg>
<doc>Types the given ``text`` into the text field identified by ``locator``.</doc>
<msg timestamp="20220927 09:59:31.483" level="INFO">Typing text 'Barbecue' into text field 'id=dining_search'.</msg>
<status status="PASS" starttime="20220927 09:59:31.482" endtime="20220927 09:59:31.788"/>
</kw>
<kw name="Click Element" library="SeleniumLibrary">
<arg>${Tab_Search}</arg>
<doc>Click the element identified by ``locator``.</doc>
<msg timestamp="20220927 09:59:31.789" level="INFO">Clicking element 'id=dining_search'.</msg>
<status status="PASS" starttime="20220927 09:59:31.789" endtime="20220927 09:59:31.826"/>
</kw>
<kw name="Click Element" library="SeleniumLibrary">
<arg>${Clear_Search}</arg>
<doc>Click the element identified by ``locator``.</doc>
<msg timestamp="20220927 09:59:31.827" level="INFO">Clicking element 'id=dinings_clear_btn'.</msg>
<status status="PASS" starttime="20220927 09:59:31.827" endtime="20220927 09:59:31.932"/>
</kw>
<kw name="Click Element" library="SeleniumLibrary">
<arg>${Filter_Icon}</arg>
<doc>Click the element identified by ``locator``.</doc>
<msg timestamp="20220927 09:59:31.933" level="INFO">Clicking element 'id=filters_btn'.</msg>
<status status="PASS" starttime="20220927 09:59:31.932" endtime="20220927 09:59:32.422"/>
</kw>
<kw name="Execute Javascript" library="SeleniumLibrary">
<arg>${Calendar_Filter}</arg>
<doc>Executes the given JavaScript code with possible arguments.</doc>
<msg timestamp="20220927 09:59:32.431" level="INFO">Executing JavaScript:
document.getElementsByClassName('MuiButtonBase-root MuiIconButton-root mui-icon-btn-root')[0].click()
Without any arguments.</msg>
<status status="PASS" starttime="20220927 09:59:32.426" endtime="20220927 09:59:33.257"/>
</kw>
<kw name="Execute Javascript" library="SeleniumLibrary">
<arg>${Next_Month}</arg>
<doc>Executes the given JavaScript code with possible arguments.</doc>
<msg timestamp="20220927 09:59:33.259" level="INFO">Executing JavaScript:
document.getElementsByClassName('MuiButtonBase-root MuiIconButton-root MuiPickersCalendarHeader-iconButton')[1].click()
Without any arguments.</msg>
<status status="PASS" starttime="20220927 09:59:33.258" endtime="20220927 09:59:33.359"/>
</kw>
<kw name="Execute Javascript" library="SeleniumLibrary">
<arg>${Return_Month}</arg>
<doc>Executes the given JavaScript code with possible arguments.</doc>
<msg timestamp="20220927 09:59:33.364" level="INFO">Executing JavaScript:
document.getElementsByClassName('MuiButtonBase-root MuiIconButton-root MuiPickersCalendarHeader-iconButton')[0].click()
Without any arguments.</msg>
<status status="PASS" starttime="20220927 09:59:33.360" endtime="20220927 09:59:33.478"/>
</kw>
<kw name="Execute Javascript" library="SeleniumLibrary">
<arg>${Current day}</arg>
<doc>Executes the given JavaScript code with possible arguments.</doc>
<msg timestamp="20220927 09:59:33.483" level="INFO">Executing JavaScript:
document.getElementsByClassName('MuiButtonBase-root MuiIconButton-root MuiPickersDay-day MuiPickersDay-current MuiPickersDay-daySelected')[0].click()
Without any arguments.</msg>
<status status="PASS" starttime="20220927 09:59:33.480" endtime="20220927 09:59:33.749"/>
</kw>
<kw name="Execute Javascript" library="SeleniumLibrary">
<arg>${Apply_Current_Filters}</arg>
<doc>Executes the given JavaScript code with possible arguments.</doc>
<msg timestamp="20220927 09:59:33.751" level="INFO">Executing JavaScript:
document.getElementsByClassName('MuiButtonBase-root MuiButton-root MuiButton-text filters_btn')[0].click()
Without any arguments.</msg>
<status status="PASS" starttime="20220927 09:59:33.750" endtime="20220927 09:59:34.061"/>
</kw>
<kw name="Click Element" library="SeleniumLibrary">
<arg>${Filter_Icon}</arg>
<doc>Click the element identified by ``locator``.</doc>
<msg timestamp="20220927 09:59:34.064" level="INFO">Clicking element 'id=filters_btn'.</msg>
<status status="PASS" starttime="20220927 09:59:34.063" endtime="20220927 09:59:34.390"/>
</kw>
<kw name="Wait Until Element Is Visible" library="SeleniumLibrary">
<arg>${Clear_All}</arg>
<doc>Waits until the element ``locator`` is visible.</doc>
<status status="PASS" starttime="20220927 09:59:34.395" endtime="20220927 09:59:34.866"/>
</kw>
<kw name="Click Element" library="SeleniumLibrary">
<arg>${Clear_All}</arg>
<doc>Click the element identified by ``locator``.</doc>
<msg timestamp="20220927 09:59:34.868" level="INFO">Clicking element '//span[contains(text(),'Clear All')]'.</msg>
<status status="PASS" starttime="20220927 09:59:34.867" endtime="20220927 09:59:35.077"/>
</kw>
<kw name="Click Element" library="SeleniumLibrary">
<arg>${Icon_Filter}</arg>
<doc>Click the element identified by ``locator``.</doc>
<msg timestamp="20220927 09:59:35.082" level="INFO">Clicking element '//body/div[@id='DiningsFilterPopOver']/div[3]/div[1]/form[1]/div[1]/button[1]'.</msg>
<status status="PASS" starttime="20220927 09:59:35.078" endtime="20220927 09:59:35.500"/>
</kw>
<kw name="Scroll Element Into View" library="SeleniumLibrary">
<arg>${Log_Print}</arg>
<doc>Scrolls the element identified by ``locator`` into view.</doc>
<status status="PASS" starttime="20220927 09:59:35.500" endtime="20220927 09:59:35.824"/>
</kw>
<kw name="Click Element" library="SeleniumLibrary">
<arg>${Log_Print}</arg>
<doc>Click the element identified by ``locator``.</doc>
<msg timestamp="20220927 09:59:35.825" level="INFO">Clicking element 'id=dining_print_icon'.</msg>
<status status="PASS" starttime="20220927 09:59:35.824" endtime="20220927 09:59:35.968"/>
</kw>
<kw name="Double Click Element" library="SeleniumLibrary">
<arg>${right_arrow}</arg>
<doc>Double clicks the element identified by ``locator``.</doc>
<msg timestamp="20220927 09:59:35.969" level="INFO">Double clicking element 'id=scheduler_right_arrow'.</msg>
<status status="PASS" starttime="20220927 09:59:35.969" endtime="20220927 09:59:36.518"/>
</kw>
<kw name="Click Element" library="SeleniumLibrary">
<arg>${Print_Close}</arg>
<doc>Click the element identified by ``locator``.</doc>
<msg timestamp="20220927 09:59:36.520" level="INFO">Clicking element '//div[contains(text(),'X')]'.</msg>
<status status="PASS" starttime="20220927 09:59:36.519" endtime="20220927 09:59:36.631"/>
</kw>
<kw name="Scroll Element Into View" library="SeleniumLibrary">
<arg>${Button_SelectAll}</arg>
<doc>Scrolls the element identified by ``locator`` into view.</doc>
<status status="PASS" starttime="20220927 09:59:36.632" endtime="20220927 09:59:36.918"/>
</kw>
<kw name="Wait Until Element Is Visible" library="SeleniumLibrary">
<arg>${Button_SelectAll}</arg>
<doc>Waits until the element ``locator`` is visible.</doc>
<status status="PASS" starttime="20220927 09:59:36.918" endtime="20220927 09:59:36.930"/>
</kw>
<kw name="Click Element" library="SeleniumLibrary">
<arg>${Button_SelectAll}</arg>
<doc>Click the element identified by ``locator``.</doc>
<msg timestamp="20220927 09:59:36.931" level="INFO">Clicking element 'id=addEditDevice_Headers_SelectAll'.</msg>
<status status="PASS" starttime="20220927 09:59:36.930" endtime="20220927 09:59:37.012"/>
</kw>
<kw name="Scroll Element Into View" library="SeleniumLibrary">
<arg>${Delete_Multiple_Items}</arg>
<doc>Scrolls the element identified by ``locator`` into view.</doc>
<status status="PASS" starttime="20220927 09:59:37.012" endtime="20220927 09:59:37.306"/>
</kw>
<kw name="Click Element" library="SeleniumLibrary">
<arg>${Delete_Multiple_Items}</arg>
<doc>Click the element identified by ``locator``.</doc>
<msg timestamp="20220927 09:59:37.307" level="INFO">Clicking element 'id=delete_multiple_dinings'.</msg>
<status status="PASS" starttime="20220927 09:59:37.307" endtime="20220927 09:59:37.383"/>
</kw>
<kw name="Scroll Element Into View" library="SeleniumLibrary">
<arg>${Delete_Menu_Items}</arg>
<doc>Scrolls the element identified by ``locator`` into view.</doc>
<status status="PASS" starttime="20220927 09:59:37.383" endtime="20220927 09:59:37.678"/>
</kw>
<kw name="Click Element" library="SeleniumLibrary">
<arg>${Delete_Menu_Items}</arg>
<doc>Click the element identified by ``locator``.</doc>
<msg timestamp="20220927 09:59:37.679" level="INFO">Clicking element '//div[contains(text(),'Yes, Delete')]'.</msg>
<status status="PASS" starttime="20220927 09:59:37.679" endtime="20220927 09:59:37.796"/>
</kw>
<tag>Case 3</tag>
<tag>Validation Test</tag>
<status status="PASS" starttime="20220927 09:58:59.442" endtime="20220927 09:59:37.797"/>
</test>
<doc>CMS-Engage360 Community Waterford</doc>
<status status="PASS" starttime="20220927 09:58:51.727" endtime="20220927 09:59:37.801"/>
</suite>
<statistics>
<total>
<stat pass="1" fail="0" skip="0">All Tests</stat>
</total>
<tag>
<stat pass="1" fail="0" skip="0">Case 3</stat>
<stat pass="1" fail="0" skip="0">Validation Test</stat>
</tag>
<suite>
<stat pass="1" fail="0" skip="0" id="s1" name="Dinner Yearly">Dinner Yearly</stat>
</suite>
</statistics>
<errors>
</errors>
</robot>
